2019-07-26 09:23:44.682  INFO 16404 --- [main] c.d.a.AdminServer2Application            : No active profile set, falling back to default profiles: default
2019-07-26 09:23:44.696  INFO 16404 --- [main] ationConfigEmbeddedWebApplicationContext : Refreshing org.springframework.boot.context.embedded.AnnotationConfigEmbeddedWebApplicationContext@53142455: startup date [Fri Jul 26 09:23:44 CST 2019]; parent: org.springframework.context.annotation.AnnotationConfigApplicationContext@73a1e9a9
2019-07-26 09:23:45.793  INFO 16404 --- [main] o.s.b.f.s.DefaultListableBeanFactory     : Overriding bean definition for bean 'counterFactory' with a different definition: replacing [Root bean: class [null]; scope=; abstract=false; lazyInit=false; autowireMode=3; dependencyCheck=0; autowireCandidate=true; primary=false; factoryBeanName=org.springframework.cloud.netflix.zuul.ZuulConfiguration$ZuulMetricsConfiguration; factoryMethodName=counterFactory; initMethodName=null; destroyMethodName=(inferred); defined in class path resource [org/springframework/cloud/netflix/zuul/ZuulConfiguration$ZuulMetricsConfiguration.class]] with [Root bean: class [null]; scope=; abstract=false; lazyInit=false; autowireMode=3; dependencyCheck=0; autowireCandidate=true; primary=false; factoryBeanName=org.springframework.cloud.netflix.zuul.ZuulConfiguration$ZuulCounterFactoryConfiguration; factoryMethodName=counterFactory; initMethodName=null; destroyMethodName=(inferred); defined in class path resource [org/springframework/cloud/netflix/zuul/ZuulConfiguration$ZuulCounterFactoryConfiguration.class]]
2019-07-26 09:23:46.172  INFO 16404 --- [main] o.s.cloud.context.scope.GenericScope     : BeanFactory id=79d514e8-c09f-3814-8b08-871a53c9f836
2019-07-26 09:23:46.188  INFO 16404 --- [main] f.a.AutowiredAnnotationBeanPostProcessor : JSR-330 'javax.inject.Inject' annotation found and supported for autowiring
2019-07-26 09:23:46.398  INFO 16404 --- [main] trationDelegate$BeanPostProcessorChecker : Bean 'org.springframework.cloud.netflix.metrics.MetricsInterceptorConfiguration$MetricsRestTemplateConfiguration' of type [org.springframework.cloud.netflix.metrics.MetricsInterceptorConfiguration$MetricsRestTemplateConfiguration$$EnhancerBySpringCGLIB$$def7825] is not eligible for getting processed by all BeanPostProcessors (for example: not eligible for auto-proxying)
2019-07-26 09:23:46.406  INFO 16404 --- [main] trationDelegate$BeanPostProcessorChecker : Bean 'org.springframework.cloud.autoconfigure.ConfigurationPropertiesRebinderAutoConfiguration' of type [org.springframework.cloud.autoconfigure.ConfigurationPropertiesRebinderAutoConfiguration$$EnhancerBySpringCGLIB$$f7dcd4e1] is not eligible for getting processed by all BeanPostProcessors (for example: not eligible for auto-proxying)
2019-07-26 09:23:47.038  INFO 16404 --- [main] s.b.c.e.t.TomcatEmbeddedServletContainer : Tomcat initialized with port(s): 5000 (http)
2019-07-26 09:23:47.053  INFO 16404 --- [main] o.apache.catalina.core.StandardService   : Starting service Tomcat
2019-07-26 09:23:47.054  INFO 16404 --- [main] org.apache.catalina.core.StandardEngine  : Starting Servlet Engine: Apache Tomcat/8.5.11
2019-07-26 09:23:47.218  INFO 16404 --- [localhost-startStop-1] o.a.c.c.C.[Tomcat].[localhost].[/]       : Initializing Spring embedded WebApplicationContext
2019-07-26 09:23:47.219  INFO 16404 --- [localhost-startStop-1] o.s.web.context.ContextLoader            : Root WebApplicationContext: initialization completed in 2523 ms
2019-07-26 09:23:47.557  WARN 16404 --- [localhost-startStop-1] c.n.c.sources.URLConfigurationSource     : No URLs will be polled as dynamic configuration sources.
2019-07-26 09:23:47.557  INFO 16404 --- [localhost-startStop-1] c.n.c.sources.URLConfigurationSource     : To enable URLs as dynamic configuration sources, define System property archaius.configurationSource.additionalUrls or make config.properties available on classpath.
2019-07-26 09:23:47.561  INFO 16404 --- [localhost-startStop-1] c.netflix.config.DynamicPropertyFactory  : DynamicPropertyFactory is initialized with configuration sources: com.netflix.config.ConcurrentCompositeConfiguration@6938890b
2019-07-26 09:23:47.960  INFO 16404 --- [localhost-startStop-1] o.s.b.w.servlet.ServletRegistrationBean  : Mapping servlet: 'dispatcherServlet' to [/]
2019-07-26 09:23:47.963  INFO 16404 --- [localhost-startStop-1] o.s.b.w.servlet.ServletRegistrationBean  : Mapping servlet: 'zuulServlet' to [/zuul/*]
2019-07-26 09:23:47.966  INFO 16404 --- [localhost-startStop-1] o.s.b.w.servlet.FilterRegistrationBean   : Mapping filter: 'metricsFilter' to: [/*]
2019-07-26 09:23:47.966  INFO 16404 --- [localhost-startStop-1] o.s.b.w.servlet.FilterRegistrationBean   : Mapping filter: 'characterEncodingFilter' to: [/*]
2019-07-26 09:23:47.966  INFO 16404 --- [localhost-startStop-1] o.s.b.w.servlet.FilterRegistrationBean   : Mapping filter: 'hiddenHttpMethodFilter' to: [/*]
2019-07-26 09:23:47.966  INFO 16404 --- [localhost-startStop-1] o.s.b.w.servlet.FilterRegistrationBean   : Mapping filter: 'httpPutFormContentFilter' to: [/*]
2019-07-26 09:23:47.966  INFO 16404 --- [localhost-startStop-1] o.s.b.w.servlet.FilterRegistrationBean   : Mapping filter: 'requestContextFilter' to: [/*]
2019-07-26 09:23:47.967  INFO 16404 --- [localhost-startStop-1] o.s.b.w.servlet.FilterRegistrationBean   : Mapping filter: 'webRequestLoggingFilter' to: [/*]
2019-07-26 09:23:47.967  INFO 16404 --- [localhost-startStop-1] o.s.b.w.servlet.FilterRegistrationBean   : Mapping filter: 'applicationContextIdFilter' to: [/*]
2019-07-26 09:23:47.978  INFO 16404 --- [localhost-startStop-1] o.s.c.n.zuul.ZuulFilterInitializer       : Starting filter initializer context listener
2019-07-26 09:23:48.772  INFO 16404 --- [main] o.a.c.c.C.[Tomcat].[localhost].[/]       : jolokia: No access restrictor found, access to any MBean is allowed
2019-07-26 09:23:48.926  INFO 16404 --- [main] s.w.s.m.m.a.RequestMappingHandlerAdapter : Looking for @ControllerAdvice: org.springframework.boot.context.embedded.AnnotationConfigEmbeddedWebApplicationContext@53142455: startup date [Fri Jul 26 09:23:44 CST 2019]; parent: org.springframework.context.annotation.AnnotationConfigApplicationContext@73a1e9a9
2019-07-26 09:23:48.999  INFO 16404 --- [main] s.w.s.m.m.a.RequestMappingHandlerMapping : Mapped "{[/error]}" onto public org.springframework.http.ResponseEntity<java.util.Map<java.lang.String, java.lang.Object>> org.springframework.boot.autoconfigure.web.BasicErrorController.error(javax.servlet.http.HttpServletRequest)
2019-07-26 09:23:49.000  INFO 16404 --- [main] s.w.s.m.m.a.RequestMappingHandlerMapping : Mapped "{[/error],produces=[text/html]}" onto public org.springframework.web.servlet.ModelAndView org.springframework.boot.autoconfigure.web.BasicErrorController.errorHtml(javax.servlet.http.HttpServletRequest,javax.servlet.http.HttpServletResponse)
2019-07-26 09:23:49.005  INFO 16404 --- [main] s.w.s.m.m.a.RequestMappingHandlerMapping : Mapped "{[/api/applications/{id}],methods=[GET]}" onto public org.springframework.http.ResponseEntity<?> de.codecentric.boot.admin.registry.web.RegistryController.get(java.lang.String)
2019-07-26 09:23:49.005  INFO 16404 --- [main] s.w.s.m.m.a.RequestMappingHandlerMapping : Mapped "{[/api/applications],methods=[POST]}" onto public org.springframework.http.ResponseEntity<de.codecentric.boot.admin.model.Application> de.codecentric.boot.admin.registry.web.RegistryController.register(de.codecentric.boot.admin.model.Application)
2019-07-26 09:23:49.005  INFO 16404 --- [main] s.w.s.m.m.a.RequestMappingHandlerMapping : Mapped "{[/api/applications/{id}],methods=[DELETE]}" onto public org.springframework.http.ResponseEntity<?> de.codecentric.boot.admin.registry.web.RegistryController.unregister(java.lang.String)
2019-07-26 09:23:49.005  INFO 16404 --- [main] s.w.s.m.m.a.RequestMappingHandlerMapping : Mapped "{[/api/applications],methods=[GET]}" onto public java.util.Collection<de.codecentric.boot.admin.model.Application> de.codecentric.boot.admin.registry.web.RegistryController.applications(java.lang.String)
2019-07-26 09:23:49.008  INFO 16404 --- [main] s.w.s.m.m.a.RequestMappingHandlerMapping : Mapped "{[/api/journal],produces=[application/json]}" onto public java.util.Collection<de.codecentric.boot.admin.event.ClientApplicationEvent> de.codecentric.boot.admin.journal.web.JournalController.getJournal()
2019-07-26 09:23:49.008  INFO 16404 --- [main] s.w.s.m.m.a.RequestMappingHandlerMapping : Mapped "{[/api/journal],produces=[text/event-stream]}" onto public org.springframework.web.servlet.mvc.method.annotation.SseEmitter de.codecentric.boot.admin.journal.web.JournalController.getJournalEvents()
2019-07-26 09:23:49.019  INFO 16404 --- [main] o.s.w.s.handler.SimpleUrlHandlerMapping  : Root mapping to handler of type [class org.springframework.web.servlet.mvc.ParameterizableViewController]
2019-07-26 09:23:49.032  WARN 16404 --- [main] o.s.w.s.r.ResourceHttpRequestHandler     : Locations list is empty. No resources will be served unless a custom ResourceResolver is configured as an alternative to PathResourceResolver.
2019-07-26 09:23:49.032  WARN 16404 --- [main] o.s.w.s.r.ResourceHttpRequestHandler     : Locations list is empty. No resources will be served unless a custom ResourceResolver is configured as an alternative to PathResourceResolver.
2019-07-26 09:23:49.034  INFO 16404 --- [main] o.s.w.s.handler.SimpleUrlHandlerMapping  : Mapped URL path [/webjars/**] onto handler of type [class org.springframework.web.servlet.resource.ResourceHttpRequestHandler]
2019-07-26 09:23:49.034  INFO 16404 --- [main] o.s.w.s.handler.SimpleUrlHandlerMapping  : Mapped URL path [/**] onto handler of type [class org.springframework.web.servlet.resource.ResourceHttpRequestHandler]
2019-07-26 09:23:49.034  INFO 16404 --- [main] o.s.w.s.handler.SimpleUrlHandlerMapping  : Mapped URL path [/all-modules.css] onto handler of type [class org.springframework.web.servlet.resource.ResourceHttpRequestHandler]
2019-07-26 09:23:49.034  INFO 16404 --- [main] o.s.w.s.handler.SimpleUrlHandlerMapping  : Mapped URL path [/all-modules.js] onto handler of type [class org.springframework.web.servlet.resource.ResourceHttpRequestHandler]
2019-07-26 09:23:49.071  INFO 16404 --- [main] o.s.w.s.handler.SimpleUrlHandlerMapping  : Mapped URL path [/**/favicon.ico] onto handler of type [class org.springframework.web.servlet.resource.ResourceHttpRequestHandler]
2019-07-26 09:23:49.675  INFO 16404 --- [main] o.s.b.a.e.mvc.EndpointHandlerMapping     : Mapped "{[/loggers/{name:.*}],methods=[GET],produces=[application/vnd.spring-boot.actuator.v1+json || application/json]}" onto public java.lang.Object org.springframework.boot.actuate.endpoint.mvc.LoggersMvcEndpoint.get(java.lang.String)
2019-07-26 09:23:49.676  INFO 16404 --- [main] o.s.b.a.e.mvc.EndpointHandlerMapping     : Mapped "{[/loggers/{name:.*}],methods=[POST],consumes=[application/vnd.spring-boot.actuator.v1+json || application/json],produces=[application/vnd.spring-boot.actuator.v1+json || application/json]}" onto public java.lang.Object org.springframework.boot.actuate.endpoint.mvc.LoggersMvcEndpoint.set(java.lang.String,java.util.Map<java.lang.String, java.lang.String>)
2019-07-26 09:23:49.676  INFO 16404 --- [main] o.s.b.a.e.mvc.EndpointHandlerMapping     : Mapped "{[/loggers || /loggers.json],methods=[GET],produces=[application/vnd.spring-boot.actuator.v1+json || application/json]}" onto public java.lang.Object org.springframework.boot.actuate.endpoint.mvc.EndpointMvcAdapter.invoke()
2019-07-26 09:23:49.677  INFO 16404 --- [main] o.s.b.a.e.mvc.EndpointHandlerMapping     : Mapped "{[/env],methods=[POST]}" onto public java.lang.Object org.springframework.cloud.context.environment.EnvironmentManagerMvcEndpoint.value(java.util.Map<java.lang.String, java.lang.String>)
2019-07-26 09:23:49.677  INFO 16404 --- [main] o.s.b.a.e.mvc.EndpointHandlerMapping     : Mapped "{[/env/reset],methods=[POST]}" onto public java.util.Map<java.lang.String, java.lang.Object> org.springframework.cloud.context.environment.EnvironmentManagerMvcEndpoint.reset()
2019-07-26 09:23:49.678  INFO 16404 --- [main] o.s.b.a.e.mvc.EndpointHandlerMapping     : Mapped "{[/health || /health.json],methods=[GET],produces=[application/vnd.spring-boot.actuator.v1+json || application/json]}" onto public java.lang.Object org.springframework.boot.actuate.endpoint.mvc.HealthMvcEndpoint.invoke(javax.servlet.http.HttpServletRequest,java.security.Principal)
2019-07-26 09:23:49.678  INFO 16404 --- [main] o.s.b.a.e.mvc.EndpointHandlerMapping     : Mapped "{[/jolokia/**]}" onto public org.springframework.web.servlet.ModelAndView org.springframework.boot.actuate.endpoint.mvc.JolokiaMvcEndpoint.handle(javax.servlet.http.HttpServletRequest,javax.servlet.http.HttpServletResponse) throws java.lang.Exception
2019-07-26 09:23:49.847  INFO 16404 --- [main] o.s.b.a.e.mvc.EndpointHandlerMapping     : Mapped "{[/env/{name:.*}],methods=[GET],produces=[application/vnd.spring-boot.actuator.v1+json || application/json]}" onto public java.lang.Object org.springframework.boot.actuate.endpoint.mvc.EnvironmentMvcEndpoint.value(java.lang.String)
2019-07-26 09:23:49.847  INFO 16404 --- [main] o.s.b.a.e.mvc.EndpointHandlerMapping     : Mapped "{[/env || /env.json],methods=[GET],produces=[application/vnd.spring-boot.actuator.v1+json || application/json]}" onto public java.lang.Object org.springframework.boot.actuate.endpoint.mvc.EndpointMvcAdapter.invoke()
2019-07-26 09:23:49.848  INFO 16404 --- [main] o.s.b.a.e.mvc.EndpointHandlerMapping     : Mapped "{[/archaius || /archaius.json],methods=[GET],produces=[application/vnd.spring-boot.actuator.v1+json || application/json]}" onto public java.lang.Object org.springframework.boot.actuate.endpoint.mvc.EndpointMvcAdapter.invoke()
2019-07-26 09:23:49.848  INFO 16404 --- [main] o.s.b.a.e.mvc.EndpointHandlerMapping     : Mapped "{[/restart || /restart.json],methods=[POST]}" onto public java.lang.Object org.springframework.cloud.context.restart.RestartMvcEndpoint.invoke()
2019-07-26 09:23:49.919  INFO 16404 --- [main] o.s.b.a.e.mvc.EndpointHandlerMapping     : Mapped "{[/logfile || /logfile.json],methods=[GET || HEAD]}" onto public void org.springframework.boot.actuate.endpoint.mvc.LogFileMvcEndpoint.invoke(javax.servlet.http.HttpServletRequest,javax.servlet.http.HttpServletResponse) throws javax.servlet.ServletException,java.io.IOException
2019-07-26 09:23:49.919  INFO 16404 --- [main] o.s.b.a.e.mvc.EndpointHandlerMapping     : Mapped "{[/trace || /trace.json],methods=[GET],produces=[application/vnd.spring-boot.actuator.v1+json || application/json]}" onto public java.lang.Object org.springframework.boot.actuate.endpoint.mvc.EndpointMvcAdapter.invoke()
2019-07-26 09:23:49.920  INFO 16404 --- [main] o.s.b.a.e.mvc.EndpointHandlerMapping     : Mapped "{[/configprops || /configprops.json],methods=[GET],produces=[application/vnd.spring-boot.actuator.v1+json || application/json]}" onto public java.lang.Object org.springframework.boot.actuate.endpoint.mvc.EndpointMvcAdapter.invoke()
2019-07-26 09:23:49.921  INFO 16404 --- [main] o.s.b.a.e.mvc.EndpointHandlerMapping     : Mapped "{[/metrics/{name:.*}],methods=[GET],produces=[application/vnd.spring-boot.actuator.v1+json || application/json]}" onto public java.lang.Object org.springframework.boot.actuate.endpoint.mvc.MetricsMvcEndpoint.value(java.lang.String)
2019-07-26 09:23:49.921  INFO 16404 --- [main] o.s.b.a.e.mvc.EndpointHandlerMapping     : Mapped "{[/metrics || /metrics.json],methods=[GET],produces=[application/vnd.spring-boot.actuator.v1+json || application/json]}" onto public java.lang.Object org.springframework.boot.actuate.endpoint.mvc.EndpointMvcAdapter.invoke()
2019-07-26 09:23:49.921  INFO 16404 --- [main] o.s.b.a.e.mvc.EndpointHandlerMapping     : Mapped "{[/mappings || /mappings.json],methods=[GET],produces=[application/vnd.spring-boot.actuator.v1+json || application/json]}" onto public java.lang.Object org.springframework.boot.actuate.endpoint.mvc.EndpointMvcAdapter.invoke()
2019-07-26 09:23:49.922  INFO 16404 --- [main] o.s.b.a.e.mvc.EndpointHandlerMapping     : Mapped "{[/routes || /routes.json],methods=[GET],produces=[application/vnd.spring-boot.actuator.v1+json || application/json]}" onto public java.lang.Object org.springframework.boot.actuate.endpoint.mvc.EndpointMvcAdapter.invoke()
2019-07-26 09:23:49.923  INFO 16404 --- [main] o.s.b.a.e.mvc.EndpointHandlerMapping     : Mapped "{[/refresh || /refresh.json],methods=[POST]}" onto public java.lang.Object org.springframework.cloud.endpoint.GenericPostableMvcEndpoint.invoke()
2019-07-26 09:23:49.924  INFO 16404 --- [main] o.s.b.a.e.mvc.EndpointHandlerMapping     : Mapped "{[/autoconfig || /autoconfig.json],methods=[GET],produces=[application/vnd.spring-boot.actuator.v1+json || application/json]}" onto public java.lang.Object org.springframework.boot.actuate.endpoint.mvc.EndpointMvcAdapter.invoke()
2019-07-26 09:23:49.924  INFO 16404 --- [main] o.s.b.a.e.mvc.EndpointHandlerMapping     : Mapped "{[/service-registry/instance-status],methods=[GET]}" onto public org.springframework.http.ResponseEntity org.springframework.cloud.client.serviceregistry.endpoint.ServiceRegistryEndpoint.getStatus()
2019-07-26 09:23:49.925  INFO 16404 --- [main] o.s.b.a.e.mvc.EndpointHandlerMapping     : Mapped "{[/service-registry/instance-status],methods=[POST]}" onto public org.springframework.http.ResponseEntity<?> org.springframework.cloud.client.serviceregistry.endpoint.ServiceRegistryEndpoint.setStatus(java.lang.String)
2019-07-26 09:23:49.925  INFO 16404 --- [main] o.s.b.a.e.mvc.EndpointHandlerMapping     : Mapped "{[/beans || /beans.json],methods=[GET],produces=[application/vnd.spring-boot.actuator.v1+json || application/json]}" onto public java.lang.Object org.springframework.boot.actuate.endpoint.mvc.EndpointMvcAdapter.invoke()
2019-07-26 09:23:49.925  INFO 16404 --- [main] o.s.b.a.e.mvc.EndpointHandlerMapping     : Mapped "{[/features || /features.json],methods=[GET],produces=[application/vnd.spring-boot.actuator.v1+json || application/json]}" onto public java.lang.Object org.springframework.boot.actuate.endpoint.mvc.EndpointMvcAdapter.invoke()
2019-07-26 09:23:49.925  INFO 16404 --- [main] o.s.b.a.e.mvc.EndpointHandlerMapping     : Mapped "{[/pause || /pause.json],methods=[POST]}" onto public java.lang.Object org.springframework.cloud.endpoint.GenericPostableMvcEndpoint.invoke()
2019-07-26 09:23:49.926  INFO 16404 --- [main] o.s.b.a.e.mvc.EndpointHandlerMapping     : Mapped "{[/auditevents || /auditevents.json],methods=[GET],produces=[application/vnd.spring-boot.actuator.v1+json || application/json]}" onto public org.springframework.http.ResponseEntity<?> org.springframework.boot.actuate.endpoint.mvc.AuditEventsMvcEndpoint.findByPrincipalAndAfterAndType(java.lang.String,java.util.Date,java.lang.String)
2019-07-26 09:23:49.926  INFO 16404 --- [main] o.s.b.a.e.mvc.EndpointHandlerMapping     : Mapped "{[/resume || /resume.json],methods=[POST]}" onto public java.lang.Object org.springframework.cloud.endpoint.GenericPostableMvcEndpoint.invoke()
2019-07-26 09:23:49.926  INFO 16404 --- [main] o.s.b.a.e.mvc.EndpointHandlerMapping     : Mapped "{[/heapdump || /heapdump.json],methods=[GET],produces=[application/octet-stream]}" onto public void org.springframework.boot.actuate.endpoint.mvc.HeapdumpMvcEndpoint.invoke(boolean,javax.servlet.http.HttpServletRequest,javax.servlet.http.HttpServletResponse) throws java.io.IOException,javax.servlet.ServletException
2019-07-26 09:23:49.927  INFO 16404 --- [main] o.s.b.a.e.mvc.EndpointHandlerMapping     : Mapped "{[/dump || /dump.json],methods=[GET],produces=[application/vnd.spring-boot.actuator.v1+json || application/json]}" onto public java.lang.Object org.springframework.boot.actuate.endpoint.mvc.EndpointMvcAdapter.invoke()
2019-07-26 09:23:49.927  INFO 16404 --- [main] o.s.b.a.e.mvc.EndpointHandlerMapping     : Mapped "{[/info || /info.json],methods=[GET],produces=[application/vnd.spring-boot.actuator.v1+json || application/json]}" onto public java.lang.Object org.springframework.boot.actuate.endpoint.mvc.EndpointMvcAdapter.invoke()
2019-07-26 09:23:50.038  WARN 16404 --- [main] c.n.c.sources.URLConfigurationSource     : No URLs will be polled as dynamic configuration sources.
2019-07-26 09:23:50.038  INFO 16404 --- [main] c.n.c.sources.URLConfigurationSource     : To enable URLs as dynamic configuration sources, define System property archaius.configurationSource.additionalUrls or make config.properties available on classpath.
2019-07-26 09:23:50.129  INFO 16404 --- [main] o.s.s.c.ThreadPoolTaskScheduler          : Initializing ExecutorService  'updateTaskScheduler'
2019-07-26 09:23:50.216  INFO 16404 --- [main] d.c.boot.admin.web.PrefixHandlerMapping  : Mapped "{[/api/applications/{id}],methods=[GET]}" onto public org.springframework.http.ResponseEntity<?> de.codecentric.boot.admin.registry.web.RegistryController.get(java.lang.String)
2019-07-26 09:23:50.216  INFO 16404 --- [main] d.c.boot.admin.web.PrefixHandlerMapping  : Mapped "{[/api/applications],methods=[POST]}" onto public org.springframework.http.ResponseEntity<de.codecentric.boot.admin.model.Application> de.codecentric.boot.admin.registry.web.RegistryController.register(de.codecentric.boot.admin.model.Application)
2019-07-26 09:23:50.216  INFO 16404 --- [main] d.c.boot.admin.web.PrefixHandlerMapping  : Mapped "{[/api/applications/{id}],methods=[DELETE]}" onto public org.springframework.http.ResponseEntity<?> de.codecentric.boot.admin.registry.web.RegistryController.unregister(java.lang.String)
2019-07-26 09:23:50.216  INFO 16404 --- [main] d.c.boot.admin.web.PrefixHandlerMapping  : Mapped "{[/api/applications],methods=[GET]}" onto public java.util.Collection<de.codecentric.boot.admin.model.Application> de.codecentric.boot.admin.registry.web.RegistryController.applications(java.lang.String)
2019-07-26 09:23:50.217  INFO 16404 --- [main] d.c.boot.admin.web.PrefixHandlerMapping  : Mapped "{[/api/journal],produces=[application/json]}" onto public java.util.Collection<de.codecentric.boot.admin.event.ClientApplicationEvent> de.codecentric.boot.admin.journal.web.JournalController.getJournal()
2019-07-26 09:23:50.217  INFO 16404 --- [main] d.c.boot.admin.web.PrefixHandlerMapping  : Mapped "{[/api/journal],produces=[text/event-stream]}" onto public org.springframework.web.servlet.mvc.method.annotation.SseEmitter de.codecentric.boot.admin.journal.web.JournalController.getJournalEvents()
2019-07-26 09:23:50.318  INFO 16404 --- [main] o.s.j.e.a.AnnotationMBeanExporter        : Registering beans for JMX exposure on startup
2019-07-26 09:23:50.325  INFO 16404 --- [main] o.s.j.e.a.AnnotationMBeanExporter        : Bean with name 'environmentManager' has been autodetected for JMX exposure
2019-07-26 09:23:50.327  INFO 16404 --- [main] o.s.j.e.a.AnnotationMBeanExporter        : Bean with name 'configurationPropertiesRebinder' has been autodetected for JMX exposure
2019-07-26 09:23:50.327  INFO 16404 --- [main] o.s.j.e.a.AnnotationMBeanExporter        : Bean with name 'refreshEndpoint' has been autodetected for JMX exposure
2019-07-26 09:23:50.327  INFO 16404 --- [main] o.s.j.e.a.AnnotationMBeanExporter        : Bean with name 'restartEndpoint' has been autodetected for JMX exposure
2019-07-26 09:23:50.328  INFO 16404 --- [main] o.s.j.e.a.AnnotationMBeanExporter        : Bean with name 'serviceRegistryEndpoint' has been autodetected for JMX exposure
2019-07-26 09:23:50.329  INFO 16404 --- [main] o.s.j.e.a.AnnotationMBeanExporter        : Bean with name 'zuulEndpoint' has been autodetected for JMX exposure
2019-07-26 09:23:50.329  INFO 16404 --- [main] o.s.j.e.a.AnnotationMBeanExporter        : Bean with name 'refreshScope' has been autodetected for JMX exposure
2019-07-26 09:23:50.334  INFO 16404 --- [main] o.s.j.e.a.AnnotationMBeanExporter        : Located managed bean 'environmentManager': registering with JMX server as MBean [org.springframework.cloud.context.environment:name=environmentManager,type=EnvironmentManager]
2019-07-26 09:23:50.362  INFO 16404 --- [main] o.s.j.e.a.AnnotationMBeanExporter        : Located managed bean 'restartEndpoint': registering with JMX server as MBean [org.springframework.cloud.context.restart:name=restartEndpoint,type=RestartEndpoint]
2019-07-26 09:23:50.381  INFO 16404 --- [main] o.s.j.e.a.AnnotationMBeanExporter        : Located managed bean 'serviceRegistryEndpoint': registering with JMX server as MBean [org.springframework.cloud.client.serviceregistry.endpoint:name=serviceRegistryEndpoint,type=ServiceRegistryEndpoint]
2019-07-26 09:23:50.389  INFO 16404 --- [main] o.s.j.e.a.AnnotationMBeanExporter        : Located managed bean 'refreshScope': registering with JMX server as MBean [org.springframework.cloud.context.scope.refresh:name=refreshScope,type=RefreshScope]
2019-07-26 09:23:50.400  INFO 16404 --- [main] o.s.j.e.a.AnnotationMBeanExporter        : Located managed bean 'zuulEndpoint': registering with JMX server as MBean [org.springframework.cloud.netflix.zuul:name=zuulEndpoint,type=RoutesEndpoint]
2019-07-26 09:23:50.401  WARN 16404 --- [main] o.s.j.e.a.AnnotationMBeanExporter        : Bean with key 'zuulEndpoint' has been registered as an MBean but has no exposed attributes or operations
2019-07-26 09:23:50.403  INFO 16404 --- [main] o.s.j.e.a.AnnotationMBeanExporter        : Located managed bean 'configurationPropertiesRebinder': registering with JMX server as MBean [org.springframework.cloud.context.properties:name=configurationPropertiesRebinder,context=53142455,type=ConfigurationPropertiesRebinder]
2019-07-26 09:23:50.411  INFO 16404 --- [main] o.s.j.e.a.AnnotationMBeanExporter        : Located managed bean 'refreshEndpoint': registering with JMX server as MBean [org.springframework.cloud.endpoint:name=refreshEndpoint,type=RefreshEndpoint]
2019-07-26 09:23:50.698  INFO 16404 --- [main] o.a.c.c.C.[Tomcat].[localhost].[/]       : jolokia: No access restrictor found, access to any MBean is allowed
2019-07-26 09:23:50.703  INFO 16404 --- [main] o.a.c.c.C.[Tomcat].[localhost].[/]       : jolokia: jolokia:type=Config is already registered. Adding it with jolokia:type=Config,uuid=d9a8ee0d-ab0b-4c6c-9e89-d8ca729c123e, but you should revise your setup in order to either use a qualifier or ensure, that only a single agent gets registered (otherwise history functionality might not work)
2019-07-26 09:23:50.705  INFO 16404 --- [main] o.a.c.c.C.[Tomcat].[localhost].[/]       : jolokia: Cannot register (legacy) MBean handler for config store with name jmx4perl:type=Config since it already exists. This is the case if another agent has been already started within the same JVM. The registration is skipped.
2019-07-26 09:23:50.705  INFO 16404 --- [main] o.a.c.c.C.[Tomcat].[localhost].[/]       : jolokia: Jolokia Discovery MBean registration is skipped because there is already one registered.
2019-07-26 09:23:50.751  INFO 16404 --- [main] o.s.c.support.DefaultLifecycleProcessor  : Starting beans in phase 0
2019-07-26 09:23:50.759  INFO 16404 --- [main] o.s.c.n.eureka.InstanceInfoFactory       : Setting initial instance status as: STARTING
2019-07-26 09:23:50.793  INFO 16404 --- [main] com.netflix.discovery.DiscoveryClient    : Initializing Eureka in region us-east-1
2019-07-26 09:23:50.846  INFO 16404 --- [main] c.n.d.provider.DiscoveryJerseyProvider   : Using JSON encoding codec LegacyJacksonJson
2019-07-26 09:23:50.846  INFO 16404 --- [main] c.n.d.provider.DiscoveryJerseyProvider   : Using JSON decoding codec LegacyJacksonJson
2019-07-26 09:23:50.967  INFO 16404 --- [main] c.n.d.provider.DiscoveryJerseyProvider   : Using XML encoding codec XStreamXml
2019-07-26 09:23:50.967  INFO 16404 --- [main] c.n.d.provider.DiscoveryJerseyProvider   : Using XML decoding codec XStreamXml
2019-07-26 09:23:51.162  INFO 16404 --- [main] c.n.d.s.r.aws.ConfigClusterResolver      : Resolving eureka endpoints via configuration
2019-07-26 09:23:51.329  INFO 16404 --- [main] com.netflix.discovery.DiscoveryClient    : Disable delta property : false
2019-07-26 09:23:51.329  INFO 16404 --- [main] com.netflix.discovery.DiscoveryClient    : Single vip registry refresh property : null
2019-07-26 09:23:51.329  INFO 16404 --- [main] com.netflix.discovery.DiscoveryClient    : Force full registry fetch : false
2019-07-26 09:23:51.329  INFO 16404 --- [main] com.netflix.discovery.DiscoveryClient    : Application is null : false
2019-07-26 09:23:51.329  INFO 16404 --- [main] com.netflix.discovery.DiscoveryClient    : Registered Applications size is zero : true
2019-07-26 09:23:51.329  INFO 16404 --- [main] com.netflix.discovery.DiscoveryClient    : Application version is -1: true
2019-07-26 09:23:51.329  INFO 16404 --- [main] com.netflix.discovery.DiscoveryClient    : Getting all instance registry info from the eureka server
2019-07-26 09:23:51.536  INFO 16404 --- [main] com.netflix.discovery.DiscoveryClient    : The response status is 200
2019-07-26 09:23:51.537  INFO 16404 --- [main] com.netflix.discovery.DiscoveryClient    : Starting heartbeat executor: renew interval is: 30
2019-07-26 09:23:51.539  INFO 16404 --- [main] c.n.discovery.InstanceInfoReplicator     : InstanceInfoReplicator onDemand update allowed rate per min is 4
2019-07-26 09:23:51.542  INFO 16404 --- [main] com.netflix.discovery.DiscoveryClient    : Discovery Client initialized at timestamp 1564104231542 with initial instances count: 0
2019-07-26 09:23:51.564  INFO 16404 --- [main] o.s.c.n.e.s.EurekaServiceRegistry        : Registering application service-admin with eureka with status UP
2019-07-26 09:23:51.565  INFO 16404 --- [main] com.netflix.discovery.DiscoveryClient    : Saw local status change event StatusChangeEvent [timestamp=1564104231565, current=UP, previous=STARTING]
2019-07-26 09:23:51.567  INFO 16404 --- [DiscoveryClient-InstanceInfoReplicator-0] com.netflix.discovery.DiscoveryClient    : DiscoveryClient_SERVICE-ADMIN/DESKTOP-VCBL47U:service-admin:5000: registering service...
2019-07-26 09:23:51.692  INFO 16404 --- [DiscoveryClient-InstanceInfoReplicator-0] com.netflix.discovery.DiscoveryClient    : DiscoveryClient_SERVICE-ADMIN/DESKTOP-VCBL47U:service-admin:5000 - registration status: 204
2019-07-26 09:23:51.691  INFO 16404 --- [main] s.b.c.e.t.TomcatEmbeddedServletContainer : Tomcat started on port(s): 5000 (http)
2019-07-26 09:23:51.695  INFO 16404 --- [main] .s.c.n.e.s.EurekaAutoServiceRegistration : Updating port to 5000
2019-07-26 09:23:51.701  INFO 16404 --- [main] c.d.a.AdminServer2Application            : Started AdminServer2Application in 9.243 seconds (JVM running for 10.802)
2019-07-26 09:23:51.867  INFO 16404 --- [http-nio-5000-exec-1] o.a.c.c.C.[Tomcat].[localhost].[/]       : Initializing Spring FrameworkServlet 'dispatcherServlet'
2019-07-26 09:23:51.867  INFO 16404 --- [http-nio-5000-exec-1] o.s.web.servlet.DispatcherServlet        : FrameworkServlet 'dispatcherServlet': initialization started
2019-07-26 09:23:51.889  INFO 16404 --- [http-nio-5000-exec-1] o.s.web.servlet.DispatcherServlet        : FrameworkServlet 'dispatcherServlet': initialization completed in 22 ms
2019-07-26 09:23:51.907  WARN 16404 --- [http-nio-5000-exec-2] o.s.c.n.zuul.web.ZuulHandlerMapping      : No routes found from RouteLocator
2019-07-26 09:24:21.540  INFO 16404 --- [DiscoveryClient-CacheRefreshExecutor-0] com.netflix.discovery.DiscoveryClient    : Disable delta property : false
2019-07-26 09:24:21.540  INFO 16404 --- [DiscoveryClient-CacheRefreshExecutor-0] com.netflix.discovery.DiscoveryClient    : Single vip registry refresh property : null
2019-07-26 09:24:21.540  INFO 16404 --- [DiscoveryClient-CacheRefreshExecutor-0] com.netflix.discovery.DiscoveryClient    : Force full registry fetch : false
2019-07-26 09:24:21.540  INFO 16404 --- [DiscoveryClient-CacheRefreshExecutor-0] com.netflix.discovery.DiscoveryClient    : Application is null : false
2019-07-26 09:24:21.541  INFO 16404 --- [DiscoveryClient-CacheRefreshExecutor-0] com.netflix.discovery.DiscoveryClient    : Registered Applications size is zero : true
2019-07-26 09:24:21.541  INFO 16404 --- [DiscoveryClient-CacheRefreshExecutor-0] com.netflix.discovery.DiscoveryClient    : Application version is -1: false
2019-07-26 09:24:21.541  INFO 16404 --- [DiscoveryClient-CacheRefreshExecutor-0] com.netflix.discovery.DiscoveryClient    : Getting all instance registry info from the eureka server
2019-07-26 09:24:21.563  INFO 16404 --- [DiscoveryClient-CacheRefreshExecutor-0] com.netflix.discovery.DiscoveryClient    : The response status is 200
2019-07-26 09:24:21.574  INFO 16404 --- [DiscoveryClient-CacheRefreshExecutor-0] d.c.b.a.registry.ApplicationRegistry     : New Application Application [id=53f68732, name=SERVICE-ADMIN, managementUrl=http://DESKTOP-VCBL47U:5000, healthUrl=http://DESKTOP-VCBL47U:5000/health, serviceUrl=http://DESKTOP-VCBL47U:5000] registered 
2019-07-26 09:24:21.593  INFO 16404 --- [http-nio-5000-exec-4] o.s.c.n.zuul.web.ZuulHandlerMapping      : Mapped URL path [/api/applications/53f68732/health/**] onto handler of type [class de.codecentric.boot.admin.zuul.OptionsDispatchingZuulController]
2019-07-26 09:24:21.594  INFO 16404 --- [http-nio-5000-exec-4] o.s.c.n.zuul.web.ZuulHandlerMapping      : Mapped URL path [/api/applications/53f68732/env/**] onto handler of type [class de.codecentric.boot.admin.zuul.OptionsDispatchingZuulController]
2019-07-26 09:24:21.594  INFO 16404 --- [http-nio-5000-exec-4] o.s.c.n.zuul.web.ZuulHandlerMapping      : Mapped URL path [/api/applications/53f68732/metrics/**] onto handler of type [class de.codecentric.boot.admin.zuul.OptionsDispatchingZuulController]
2019-07-26 09:24:21.594  INFO 16404 --- [http-nio-5000-exec-4] o.s.c.n.zuul.web.ZuulHandlerMapping      : Mapped URL path [/api/applications/53f68732/trace/**] onto handler of type [class de.codecentric.boot.admin.zuul.OptionsDispatchingZuulController]
2019-07-26 09:24:21.594  INFO 16404 --- [http-nio-5000-exec-4] o.s.c.n.zuul.web.ZuulHandlerMapping      : Mapped URL path [/api/applications/53f68732/dump/**] onto handler of type [class de.codecentric.boot.admin.zuul.OptionsDispatchingZuulController]
2019-07-26 09:24:21.594  INFO 16404 --- [http-nio-5000-exec-4] o.s.c.n.zuul.web.ZuulHandlerMapping      : Mapped URL path [/api/applications/53f68732/jolokia/**] onto handler of type [class de.codecentric.boot.admin.zuul.OptionsDispatchingZuulController]
2019-07-26 09:24:21.594  INFO 16404 --- [http-nio-5000-exec-4] o.s.c.n.zuul.web.ZuulHandlerMapping      : Mapped URL path [/api/applications/53f68732/info/**] onto handler of type [class de.codecentric.boot.admin.zuul.OptionsDispatchingZuulController]
2019-07-26 09:24:21.594  INFO 16404 --- [http-nio-5000-exec-4] o.s.c.n.zuul.web.ZuulHandlerMapping      : Mapped URL path [/api/applications/53f68732/logfile/**] onto handler of type [class de.codecentric.boot.admin.zuul.OptionsDispatchingZuulController]
2019-07-26 09:24:21.594  INFO 16404 --- [http-nio-5000-exec-4] o.s.c.n.zuul.web.ZuulHandlerMapping      : Mapped URL path [/api/applications/53f68732/refresh/**] onto handler of type [class de.codecentric.boot.admin.zuul.OptionsDispatchingZuulController]
2019-07-26 09:24:21.594  INFO 16404 --- [http-nio-5000-exec-4] o.s.c.n.zuul.web.ZuulHandlerMapping      : Mapped URL path [/api/applications/53f68732/flyway/**] onto handler of type [class de.codecentric.boot.admin.zuul.OptionsDispatchingZuulController]
2019-07-26 09:24:21.594  INFO 16404 --- [http-nio-5000-exec-4] o.s.c.n.zuul.web.ZuulHandlerMapping      : Mapped URL path [/api/applications/53f68732/liquibase/**] onto handler of type [class de.codecentric.boot.admin.zuul.OptionsDispatchingZuulController]
2019-07-26 09:24:21.594  INFO 16404 --- [http-nio-5000-exec-4] o.s.c.n.zuul.web.ZuulHandlerMapping      : Mapped URL path [/api/applications/53f68732/heapdump/**] onto handler of type [class de.codecentric.boot.admin.zuul.OptionsDispatchingZuulController]
2019-07-26 09:24:21.594  INFO 16404 --- [http-nio-5000-exec-4] o.s.c.n.zuul.web.ZuulHandlerMapping      : Mapped URL path [/api/applications/53f68732/loggers/**] onto handler of type [class de.codecentric.boot.admin.zuul.OptionsDispatchingZuulController]
2019-07-26 09:24:21.594  INFO 16404 --- [http-nio-5000-exec-4] o.s.c.n.zuul.web.ZuulHandlerMapping      : Mapped URL path [/api/applications/53f68732/auditevents/**] onto handler of type [class de.codecentric.boot.admin.zuul.OptionsDispatchingZuulController]
2019-07-26 09:28:51.339  INFO 16404 --- [AsyncResolver-bootstrap-executor-0] c.n.d.s.r.aws.ConfigClusterResolver      : Resolving eureka endpoints via configuration
2019-07-26 09:28:51.665  INFO 16404 --- [DiscoveryClient-CacheRefreshExecutor-0] d.c.b.a.registry.ApplicationRegistry     : New Application Application [id=3d4b2ea0, name=EUREKA-CLIENT-ONE, managementUrl=http://DESKTOP-VCBL47U:8762, healthUrl=http://DESKTOP-VCBL47U:8762/health, serviceUrl=http://DESKTOP-VCBL47U:8762] registered 
2019-07-26 09:28:51.847  INFO 16404 --- [http-nio-5000-exec-7] o.s.c.n.zuul.web.ZuulHandlerMapping      : Mapped URL path [/api/applications/3d4b2ea0/health/**] onto handler of type [class de.codecentric.boot.admin.zuul.OptionsDispatchingZuulController]
2019-07-26 09:28:51.848  INFO 16404 --- [http-nio-5000-exec-7] o.s.c.n.zuul.web.ZuulHandlerMapping      : Mapped URL path [/api/applications/3d4b2ea0/env/**] onto handler of type [class de.codecentric.boot.admin.zuul.OptionsDispatchingZuulController]
2019-07-26 09:28:51.848  INFO 16404 --- [http-nio-5000-exec-7] o.s.c.n.zuul.web.ZuulHandlerMapping      : Mapped URL path [/api/applications/3d4b2ea0/metrics/**] onto handler of type [class de.codecentric.boot.admin.zuul.OptionsDispatchingZuulController]
2019-07-26 09:28:51.848  INFO 16404 --- [http-nio-5000-exec-7] o.s.c.n.zuul.web.ZuulHandlerMapping      : Mapped URL path [/api/applications/3d4b2ea0/trace/**] onto handler of type [class de.codecentric.boot.admin.zuul.OptionsDispatchingZuulController]
2019-07-26 09:28:51.848  INFO 16404 --- [http-nio-5000-exec-7] o.s.c.n.zuul.web.ZuulHandlerMapping      : Mapped URL path [/api/applications/3d4b2ea0/dump/**] onto handler of type [class de.codecentric.boot.admin.zuul.OptionsDispatchingZuulController]
2019-07-26 09:28:51.848  INFO 16404 --- [http-nio-5000-exec-7] o.s.c.n.zuul.web.ZuulHandlerMapping      : Mapped URL path [/api/applications/3d4b2ea0/jolokia/**] onto handler of type [class de.codecentric.boot.admin.zuul.OptionsDispatchingZuulController]
2019-07-26 09:28:51.848  INFO 16404 --- [http-nio-5000-exec-7] o.s.c.n.zuul.web.ZuulHandlerMapping      : Mapped URL path [/api/applications/3d4b2ea0/info/**] onto handler of type [class de.codecentric.boot.admin.zuul.OptionsDispatchingZuulController]
2019-07-26 09:28:51.848  INFO 16404 --- [http-nio-5000-exec-7] o.s.c.n.zuul.web.ZuulHandlerMapping      : Mapped URL path [/api/applications/3d4b2ea0/logfile/**] onto handler of type [class de.codecentric.boot.admin.zuul.OptionsDispatchingZuulController]
2019-07-26 09:28:51.848  INFO 16404 --- [http-nio-5000-exec-7] o.s.c.n.zuul.web.ZuulHandlerMapping      : Mapped URL path [/api/applications/3d4b2ea0/refresh/**] onto handler of type [class de.codecentric.boot.admin.zuul.OptionsDispatchingZuulController]
2019-07-26 09:28:51.848  INFO 16404 --- [http-nio-5000-exec-7] o.s.c.n.zuul.web.ZuulHandlerMapping      : Mapped URL path [/api/applications/3d4b2ea0/flyway/**] onto handler of type [class de.codecentric.boot.admin.zuul.OptionsDispatchingZuulController]
2019-07-26 09:28:51.848  INFO 16404 --- [http-nio-5000-exec-7] o.s.c.n.zuul.web.ZuulHandlerMapping      : Mapped URL path [/api/applications/3d4b2ea0/liquibase/**] onto handler of type [class de.codecentric.boot.admin.zuul.OptionsDispatchingZuulController]
2019-07-26 09:28:51.848  INFO 16404 --- [http-nio-5000-exec-7] o.s.c.n.zuul.web.ZuulHandlerMapping      : Mapped URL path [/api/applications/3d4b2ea0/heapdump/**] onto handler of type [class de.codecentric.boot.admin.zuul.OptionsDispatchingZuulController]
2019-07-26 09:28:51.848  INFO 16404 --- [http-nio-5000-exec-7] o.s.c.n.zuul.web.ZuulHandlerMapping      : Mapped URL path [/api/applications/3d4b2ea0/loggers/**] onto handler of type [class de.codecentric.boot.admin.zuul.OptionsDispatchingZuulController]
2019-07-26 09:28:51.848  INFO 16404 --- [http-nio-5000-exec-7] o.s.c.n.zuul.web.ZuulHandlerMapping      : Mapped URL path [/api/applications/3d4b2ea0/auditevents/**] onto handler of type [class de.codecentric.boot.admin.zuul.OptionsDispatchingZuulController]
